<?xml version="1.0" encoding="UTF-8"?>
<testsuite xmlns:xsi="http://www.w3.org/2001/XMLSchema-instance" xsi:noNamespaceSchemaLocation="https://maven.apache.org/surefire/maven-surefire-plugin/xsd/surefire-test-report-3.0.xsd" version="3.0" name="TestSuite" time="9.755" tests="3" errors="0" skipped="1" failures="1">
  <properties>
[...]
</properties>
  <testcase name="user_fill_out_information" classname="pim.PimTest" time="3.433">
    <system-err><![CDATA[SLF4J: Failed to load class "org.slf4j.impl.StaticLoggerBinder".
SLF4J: Defaulting to no-operation (NOP) logger implementation
SLF4J: See http://www.slf4j.org/codes.html#StaticLoggerBinder for further details.
Starting ChromeDriver 107.0.5304.62 (1eec40d3a5764881c92085aaee66d25075c159aa-refs/branch-heads/5304@{#942}) on port 56672
Only local connections are allowed.
Please see https://chromedriver.chromium.org/security-considerations for suggestions on keeping ChromeDriver safe.
ChromeDriver was started successfully.
Nov 06, 2022 7:26:01 AM org.openqa.selenium.remote.ProtocolHandshake createSession
INFO: Detected dialect: W3C
]]></system-err>
  </testcase>
  <testcase name="method" classname="pim.PimTest" time="6.121">
    <failure message="unknown error: Chrome failed to start: exited normally.&#10;  (chrome not reachable)&#10;  (The process started from chrome location C:\Program Files\Google\Chrome\Application\chrome.exe is no longer running, so ChromeDriver is assuming that Chrome has crashed.)&#10;Build info: version: &apos;3.141.59&apos;, revision: &apos;e82be7d358&apos;, time: &apos;2018-11-14T08:17:03&apos;&#10;System info: host: &apos;CHAUTHAI&apos;, ip: &apos;192.168.1.12&apos;, os.name: &apos;Windows 11&apos;, os.arch: &apos;amd64&apos;, os.version: &apos;10.0&apos;, java.version: &apos;18.0.1&apos;&#10;Driver info: driver.version: ChromeDriver&#10;remote stacktrace: Backtrace:&#10;	Ordinal0 [0x005AACD3+2075859]&#10;	Ordinal0 [0x0053EE61+1633889]&#10;	Ordinal0 [0x0043B7BD+571325]&#10;	Ordinal0 [0x0045AA93+699027]&#10;	Ordinal0 [0x00456BE9+682985]&#10;	Ordinal0 [0x0048DBD3+908243]&#10;	Ordinal0 [0x0048D6AA+906922]&#10;	Ordinal0 [0x00487136+880950]&#10;	Ordinal0 [0x0045FEFD+720637]&#10;	Ordinal0 [0x00460F3F+724799]&#10;	GetHandleVerifier [0x0085EED2+2769538]&#10;	GetHandleVerifier [0x00850D95+2711877]&#10;	GetHandleVerifier [0x0063A03A+521194]&#10;	GetHandleVerifier [0x00638DA0+516432]&#10;	Ordinal0 [0x0054682C+1665068]&#10;	Ordinal0 [0x0054B128+1683752]&#10;	Ordinal0 [0x0054B215+1683989]&#10;	Ordinal0 [0x00556484+1729668]&#10;	BaseThreadInitThunk [0x76176739+25]&#10;	RtlGetFullPathName_UEx [0x77178FD2+1218]&#10;	RtlGetFullPathName_UEx [0x77178F9D+1165]&#10;" type="org.openqa.selenium.WebDriverException"><![CDATA[org.openqa.selenium.WebDriverException: 
unknown error: Chrome failed to start: exited normally.
  (chrome not reachable)
  (The process started from chrome location C:\Program Files\Google\Chrome\Application\chrome.exe is no longer running, so ChromeDriver is assuming that Chrome has crashed.)
Build info: version: '3.141.59', revision: 'e82be7d358', time: '2018-11-14T08:17:03'
System info: host: 'CHAUTHAI', ip: '192.168.1.12', os.name: 'Windows 11', os.arch: 'amd64', os.version: '10.0', java.version: '18.0.1'
Driver info: driver.version: ChromeDriver
remote stacktrace: Backtrace:
	Ordinal0 [0x005AACD3+2075859]
	Ordinal0 [0x0053EE61+1633889]
	Ordinal0 [0x0043B7BD+571325]
	Ordinal0 [0x0045AA93+699027]
	Ordinal0 [0x00456BE9+682985]
	Ordinal0 [0x0048DBD3+908243]
	Ordinal0 [0x0048D6AA+906922]
	Ordinal0 [0x00487136+880950]
	Ordinal0 [0x0045FEFD+720637]
	Ordinal0 [0x00460F3F+724799]
	GetHandleVerifier [0x0085EED2+2769538]
	GetHandleVerifier [0x00850D95+2711877]
	GetHandleVerifier [0x0063A03A+521194]
	GetHandleVerifier [0x00638DA0+516432]
	Ordinal0 [0x0054682C+1665068]
	Ordinal0 [0x0054B128+1683752]
	Ordinal0 [0x0054B215+1683989]
	Ordinal0 [0x00556484+1729668]
	BaseThreadInitThunk [0x76176739+25]
	RtlGetFullPathName_UEx [0x77178FD2+1218]
	RtlGetFullPathName_UEx [0x77178F9D+1165]

	at pim.PimTest.method(PimTest.java:23)
]]></failure>
    <system-err><![CDATA[Starting ChromeDriver 107.0.5304.62 (1eec40d3a5764881c92085aaee66d25075c159aa-refs/branch-heads/5304@{#942}) on port 17366
Only local connections are allowed.
Please see https://chromedriver.chromium.org/security-considerations for suggestions on keeping ChromeDriver safe.
ChromeDriver was started successfully.
]]></system-err>
  </testcase>
  <testcase name="user_verify_employee_id_is_not_empty" classname="pim.PimTest" time="0">
    <skipped message="unknown error: Chrome failed to start: exited normally.&#10;  (chrome not reachable)&#10;  (The process started from chrome location C:\Program Files\Google\Chrome\Application\chrome.exe is no longer running, so ChromeDriver is assuming that Chrome has crashed.)&#10;Build info: version: &apos;3.141.59&apos;, revision: &apos;e82be7d358&apos;, time: &apos;2018-11-14T08:17:03&apos;&#10;System info: host: &apos;CHAUTHAI&apos;, ip: &apos;192.168.1.12&apos;, os.name: &apos;Windows 11&apos;, os.arch: &apos;amd64&apos;, os.version: &apos;10.0&apos;, java.version: &apos;18.0.1&apos;&#10;Driver info: driver.version: ChromeDriver&#10;remote stacktrace: Backtrace:&#10;	Ordinal0 [0x005AACD3+2075859]&#10;	Ordinal0 [0x0053EE61+1633889]&#10;	Ordinal0 [0x0043B7BD+571325]&#10;	Ordinal0 [0x0045AA93+699027]&#10;	Ordinal0 [0x00456BE9+682985]&#10;	Ordinal0 [0x0048DBD3+908243]&#10;	Ordinal0 [0x0048D6AA+906922]&#10;	Ordinal0 [0x00487136+880950]&#10;	Ordinal0 [0x0045FEFD+720637]&#10;	Ordinal0 [0x00460F3F+724799]&#10;	GetHandleVerifier [0x0085EED2+2769538]&#10;	GetHandleVerifier [0x00850D95+2711877]&#10;	GetHandleVerifier [0x0063A03A+521194]&#10;	GetHandleVerifier [0x00638DA0+516432]&#10;	Ordinal0 [0x0054682C+1665068]&#10;	Ordinal0 [0x0054B128+1683752]&#10;	Ordinal0 [0x0054B215+1683989]&#10;	Ordinal0 [0x00556484+1729668]&#10;	BaseThreadInitThunk [0x76176739+25]&#10;	RtlGetFullPathName_UEx [0x77178FD2+1218]&#10;	RtlGetFullPathName_UEx [0x77178F9D+1165]&#10;"/>
  </testcase>
</testsuite>